C:\USERS\BEN\DOCUMENTS\VISUAL STUDIO 2012\PROJECTS\SFMLGAME2\SFMLGAME2\DEBUG\ACTIONLIST.CPP.NATIVECODEANALYSIS.XML
C:\USERS\BEN\DOCUMENTS\VISUAL STUDIO 2012\PROJECTS\SFMLGAME2\SFMLGAME2\DEBUG\ACTIONLIST.OBJ
C:\USERS\BEN\DOCUMENTS\VISUAL STUDIO 2012\PROJECTS\SFMLGAME2\SFMLGAME2\DEBUG\VC110.PDB
C:\USERS\BEN\DOCUMENTS\VISUAL STUDIO 2012\PROJECTS\SFMLGAME2\SFMLGAME2\DEBUG\ENEMY.CPP.NATIVECODEANALYSIS.XML
C:\USERS\BEN\DOCUMENTS\VISUAL STUDIO 2012\PROJECTS\SFMLGAME2\SFMLGAME2\DEBUG\ENEMY.OBJ
C:\USERS\BEN\DOCUMENTS\VISUAL STUDIO 2012\PROJECTS\SFMLGAME2\SFMLGAME2\DEBUG\ENEMYMANAGER.CPP.NATIVECODEANALYSIS.XML
C:\USERS\BEN\DOCUMENTS\VISUAL STUDIO 2012\PROJECTS\SFMLGAME2\SFMLGAME2\DEBUG\ENEMYMANAGER.OBJ
C:\USERS\BEN\DOCUMENTS\VISUAL STUDIO 2012\PROJECTS\SFMLGAME2\SFMLGAME2\DEBUG\ENTITY.CPP.NATIVECODEANALYSIS.XML
C:\USERS\BEN\DOCUMENTS\VISUAL STUDIO 2012\PROJECTS\SFMLGAME2\SFMLGAME2\DEBUG\ENTITY.OBJ
C:\USERS\BEN\DOCUMENTS\VISUAL STUDIO 2012\PROJECTS\SFMLGAME2\SFMLGAME2\DEBUG\GAME.CPP.NATIVECODEANALYSIS.XML
C:\USERS\BEN\DOCUMENTS\VISUAL STUDIO 2012\PROJECTS\SFMLGAME2\SFMLGAME2\DEBUG\GAME.OBJ
C:\USERS\BEN\DOCUMENTS\VISUAL STUDIO 2012\PROJECTS\SFMLGAME2\SFMLGAME2\DEBUG\GAMESCREEN.CPP.NATIVECODEANALYSIS.XML
C:\USERS\BEN\DOCUMENTS\VISUAL STUDIO 2012\PROJECTS\SFMLGAME2\SFMLGAME2\DEBUG\GAMESCREEN.OBJ
C:\USERS\BEN\DOCUMENTS\VISUAL STUDIO 2012\PROJECTS\SFMLGAME2\SFMLGAME2\DEBUG\MAIN.CPP.NATIVECODEANALYSIS.XML
C:\USERS\BEN\DOCUMENTS\VISUAL STUDIO 2012\PROJECTS\SFMLGAME2\SFMLGAME2\DEBUG\MAIN.OBJ
C:\USERS\BEN\DOCUMENTS\VISUAL STUDIO 2012\PROJECTS\SFMLGAME2\SFMLGAME2\DEBUG\MAP.CPP.NATIVECODEANALYSIS.XML
C:\USERS\BEN\DOCUMENTS\VISUAL STUDIO 2012\PROJECTS\SFMLGAME2\SFMLGAME2\DEBUG\MAP.OBJ
C:\USERS\BEN\DOCUMENTS\VISUAL STUDIO 2012\PROJECTS\SFMLGAME2\SFMLGAME2\DEBUG\MENUSCREEN.CPP.NATIVECODEANALYSIS.XML
C:\USERS\BEN\DOCUMENTS\VISUAL STUDIO 2012\PROJECTS\SFMLGAME2\SFMLGAME2\DEBUG\MENUSCREEN.OBJ
C:\USERS\BEN\DOCUMENTS\VISUAL STUDIO 2012\PROJECTS\SFMLGAME2\SFMLGAME2\DEBUG\PLAYER.CPP.NATIVECODEANALYSIS.XML
C:\USERS\BEN\DOCUMENTS\VISUAL STUDIO 2012\PROJECTS\SFMLGAME2\SFMLGAME2\DEBUG\PLAYER.OBJ
C:\USERS\BEN\DOCUMENTS\VISUAL STUDIO 2012\PROJECTS\SFMLGAME2\SFMLGAME2\DEBUG\PROJECTILE.CPP.NATIVECODEANALYSIS.XML
C:\USERS\BEN\DOCUMENTS\VISUAL STUDIO 2012\PROJECTS\SFMLGAME2\SFMLGAME2\DEBUG\PROJECTILE.OBJ
C:\USERS\BEN\DOCUMENTS\VISUAL STUDIO 2012\PROJECTS\SFMLGAME2\SFMLGAME2\DEBUG\SCREEN.CPP.NATIVECODEANALYSIS.XML
C:\USERS\BEN\DOCUMENTS\VISUAL STUDIO 2012\PROJECTS\SFMLGAME2\SFMLGAME2\DEBUG\SCREEN.OBJ
C:\USERS\BEN\DOCUMENTS\VISUAL STUDIO 2012\PROJECTS\SFMLGAME2\SFMLGAME2\DEBUG\SPLASHSCREEN.CPP.NATIVECODEANALYSIS.XML
C:\USERS\BEN\DOCUMENTS\VISUAL STUDIO 2012\PROJECTS\SFMLGAME2\SFMLGAME2\DEBUG\SPLASHSCREEN.OBJ
C:\USERS\BEN\DOCUMENTS\VISUAL STUDIO 2012\PROJECTS\SFMLGAME2\DEBUG\SFMLPLATFORMDEMO.ILK
C:\USERS\BEN\DOCUMENTS\VISUAL STUDIO 2012\PROJECTS\SFMLGAME2\DEBUG\SFMLPLATFORMDEMO.EXE
C:\USERS\BEN\DOCUMENTS\VISUAL STUDIO 2012\PROJECTS\SFMLGAME2\DEBUG\SFMLPLATFORMDEMO.PDB
C:\Users\Ben\Documents\Visual Studio 2012\Projects\sfmlGame2\sfmlGame2\Debug\ActionList.obj
C:\Users\Ben\Documents\Visual Studio 2012\Projects\sfmlGame2\sfmlGame2\Debug\Enemy.obj
C:\Users\Ben\Documents\Visual Studio 2012\Projects\sfmlGame2\sfmlGame2\Debug\EnemyManager.obj
C:\Users\Ben\Documents\Visual Studio 2012\Projects\sfmlGame2\sfmlGame2\Debug\Entity.obj
C:\Users\Ben\Documents\Visual Studio 2012\Projects\sfmlGame2\sfmlGame2\Debug\Game.obj
C:\Users\Ben\Documents\Visual Studio 2012\Projects\sfmlGame2\sfmlGame2\Debug\GameScreen.obj
C:\Users\Ben\Documents\Visual Studio 2012\Projects\sfmlGame2\sfmlGame2\Debug\main.obj
C:\Users\Ben\Documents\Visual Studio 2012\Projects\sfmlGame2\sfmlGame2\Debug\Map.obj
C:\Users\Ben\Documents\Visual Studio 2012\Projects\sfmlGame2\sfmlGame2\Debug\MenuScreen.obj
C:\Users\Ben\Documents\Visual Studio 2012\Projects\sfmlGame2\sfmlGame2\Debug\Player.obj
C:\Users\Ben\Documents\Visual Studio 2012\Projects\sfmlGame2\sfmlGame2\Debug\Projectile.obj
C:\Users\Ben\Documents\Visual Studio 2012\Projects\sfmlGame2\sfmlGame2\Debug\Screen.obj
C:\Users\Ben\Documents\Visual Studio 2012\Projects\sfmlGame2\sfmlGame2\Debug\SplashScreen.obj
C:\Users\Ben\Documents\Visual Studio 2012\Projects\sfmlGame2\sfmlGame2\Debug\cl.command.1.tlog
C:\Users\Ben\Documents\Visual Studio 2012\Projects\sfmlGame2\sfmlGame2\Debug\CL.read.1.tlog
C:\Users\Ben\Documents\Visual Studio 2012\Projects\sfmlGame2\sfmlGame2\Debug\CL.write.1.tlog
C:\Users\Ben\Documents\Visual Studio 2012\Projects\sfmlGame2\sfmlGame2\Debug\link-cvtres.read.1.tlog
C:\Users\Ben\Documents\Visual Studio 2012\Projects\sfmlGame2\sfmlGame2\Debug\link-cvtres.write.1.tlog
C:\Users\Ben\Documents\Visual Studio 2012\Projects\sfmlGame2\sfmlGame2\Debug\link-rc.read.1.tlog
C:\Users\Ben\Documents\Visual Studio 2012\Projects\sfmlGame2\sfmlGame2\Debug\link-rc.write.1.tlog
C:\Users\Ben\Documents\Visual Studio 2012\Projects\sfmlGame2\sfmlGame2\Debug\link.command.1.tlog
C:\Users\Ben\Documents\Visual Studio 2012\Projects\sfmlGame2\sfmlGame2\Debug\link.read.1.tlog
C:\Users\Ben\Documents\Visual Studio 2012\Projects\sfmlGame2\sfmlGame2\Debug\link.read.2.tlog
C:\Users\Ben\Documents\Visual Studio 2012\Projects\sfmlGame2\sfmlGame2\Debug\link.write.1.tlog
C:\Users\Ben\Documents\Visual Studio 2012\Projects\sfmlGame2\sfmlGame2\Debug\NativeCodeAnalysis.read.1.tlog
C:\Users\Ben\Documents\Visual Studio 2012\Projects\sfmlGame2\sfmlGame2\Debug\vc110.idb
C:\Users\Ben\Documents\Visual Studio 2012\Projects\sfmlGame2\sfmlGame2\Debug\vc110.pdb
C:\Users\Ben\Documents\Visual Studio 2012\Projects\sfmlGame2\sfmlGame2\Debug\ActionList.cpp.nativecodeanalysis.xml
C:\Users\Ben\Documents\Visual Studio 2012\Projects\sfmlGame2\sfmlGame2\Debug\Enemy.cpp.nativecodeanalysis.xml
C:\Users\Ben\Documents\Visual Studio 2012\Projects\sfmlGame2\sfmlGame2\Debug\EnemyManager.cpp.nativecodeanalysis.xml
C:\Users\Ben\Documents\Visual Studio 2012\Projects\sfmlGame2\sfmlGame2\Debug\Entity.cpp.nativecodeanalysis.xml
C:\Users\Ben\Documents\Visual Studio 2012\Projects\sfmlGame2\sfmlGame2\Debug\Game.cpp.nativecodeanalysis.xml
C:\Users\Ben\Documents\Visual Studio 2012\Projects\sfmlGame2\sfmlGame2\Debug\GameScreen.cpp.nativecodeanalysis.xml
C:\Users\Ben\Documents\Visual Studio 2012\Projects\sfmlGame2\sfmlGame2\Debug\main.cpp.nativecodeanalysis.xml
C:\Users\Ben\Documents\Visual Studio 2012\Projects\sfmlGame2\sfmlGame2\Debug\Map.cpp.nativecodeanalysis.xml
C:\Users\Ben\Documents\Visual Studio 2012\Projects\sfmlGame2\sfmlGame2\Debug\MenuScreen.cpp.nativecodeanalysis.xml
C:\Users\Ben\Documents\Visual Studio 2012\Projects\sfmlGame2\sfmlGame2\Debug\Player.cpp.nativecodeanalysis.xml
C:\Users\Ben\Documents\Visual Studio 2012\Projects\sfmlGame2\sfmlGame2\Debug\Projectile.cpp.nativecodeanalysis.xml
C:\Users\Ben\Documents\Visual Studio 2012\Projects\sfmlGame2\sfmlGame2\Debug\Screen.cpp.nativecodeanalysis.xml
C:\Users\Ben\Documents\Visual Studio 2012\Projects\sfmlGame2\sfmlGame2\Debug\SplashScreen.cpp.nativecodeanalysis.xml
C:\Users\Ben\Documents\Visual Studio 2012\Projects\sfmlGame2\sfmlGame2\Debug\vc.nativecodeanalysis.all.xml
C:\Users\Ben\Documents\Visual Studio 2012\Projects\sfmlGame2\Debug\SFMLPlatformDemo.pdb
C:\Users\Ben\Documents\Visual Studio 2012\Projects\sfmlGame2\Debug\SFMLPlatformDemo.exe
C:\Users\Ben\Documents\Visual Studio 2012\Projects\sfmlGame2\Debug\SFMLPlatformDemo.ilk
C:\Users\Ben\Documents\Visual Studio 2012\Projects\sfmlGame2\Debug\SFMLPlatformDemo.exe.lastcodeanalysissucceeded
